# JRE version: OpenJDK Runtime Environment Temurin-21.0.5+11 (21.0.5+11) (build 21.0.5+11-LTS)
# Java VM: OpenJDK 64-Bit Server VM Temurin-21.0.5+11 (21.0.5+11-LTS, mixed mode, sharing, tiered, compressed oops, compressed class ptrs, parallel gc, windows-amd64)
GC Precious Log:
 CardTable entry size: 512
 CPUs: 12 total, 12 available
 Memory: 16130M
 Large Page Support: Disabled
 NUMA Support: Disabled
 Compressed Oops: Enabled (32-bit)
 Alignments: Space 512K, Generation 512K, Heap 2M
 Heap Min Capacity: 100M
 Heap Initial Capacity: 100M
 Heap Max Capacity: 1G
 Pre-touch: Disabled
 Parallel Workers: 10
Heap:
 PSYoungGen      total 4608K, used 0K [0x00000000eab00000, 0x00000000eb180000, 0x0000000100000000)
  eden space 4096K, 0% used [0x00000000eab00000,0x00000000eab00000,0x00000000eaf00000)
  from space 512K, 0% used [0x00000000eb100000,0x00000000eb100000,0x00000000eb180000)
  to   space 512K, 0% used [0x00000000eb080000,0x00000000eb080000,0x00000000eb100000)
 ParOldGen       total 699392K, used 97604K [0x00000000c0000000, 0x00000000eab00000, 0x00000000eab00000)
  object space 699392K, 13% used [0x00000000c0000000,0x00000000c5f512a8,0x00000000eab00000)
 Metaspace       used 81583K, committed 83008K, reserved 1179648K
  class space    used 8106K, committed 8768K, reserved 1048576K
GC Heap History (20 events):
Event: 1303.474 GC heap after
{Heap after GC invocations=1388 (full 5):
 PSYoungGen      total 3584K, used 320K [0x00000000eab00000, 0x00000000eb180000, 0x0000000100000000)
  eden space 3072K, 0% used [0x00000000eab00000,0x00000000eab00000,0x00000000eae00000)
  from space 512K, 62% used [0x00000000eb080000,0x00000000eb0d0000,0x00000000eb100000)
  to   space 512K, 0% used [0x00000000eb100000,0x00000000eb100000,0x00000000eb180000)
 ParOldGen       total 601088K, used 96691K [0x00000000c0000000, 0x00000000e4b00000, 0x00000000eab00000)
  object space 601088K, 16% used [0x00000000c0000000,0x00000000c5e6cfb0,0x00000000e4b00000)
 Metaspace       used 81245K, committed 82688K, reserved 1179648K
  class space    used 8063K, committed 8704K, reserved 1048576K
}
Event: 1306.187 GC heap before
{Heap before GC invocations=1389 (full 5):
 PSYoungGen      total 3584K, used 3392K [0x00000000eab00000, 0x00000000eb180000, 0x0000000100000000)
  eden space 3072K, 100% used [0x00000000eab00000,0x00000000eae00000,0x00000000eae00000)
  from space 512K, 62% used [0x00000000eb080000,0x00000000eb0d0000,0x00000000eb100000)
  to   space 512K, 0% used [0x00000000eb100000,0x00000000eb100000,0x00000000eb180000)
 ParOldGen       total 601088K, used 96691K [0x00000000c0000000, 0x00000000e4b00000, 0x00000000eab00000)
  object space 601088K, 16% used [0x00000000c0000000,0x00000000c5e6cfb0,0x00000000e4b00000)
 Metaspace       used 81247K, committed 82688K, reserved 1179648K
  class space    used 8063K, committed 8704K, reserved 1048576K
}
Event: 1306.191 GC heap after
{Heap after GC invocations=1389 (full 5):
 PSYoungGen      total 3584K, used 352K [0x00000000eab00000, 0x00000000eb180000, 0x0000000100000000)
  eden space 3072K, 0% used [0x00000000eab00000,0x00000000eab00000,0x00000000eae00000)
  from space 512K, 68% used [0x00000000eb100000,0x00000000eb158000,0x00000000eb180000)
  to   space 512K, 0% used [0x00000000eb080000,0x00000000eb080000,0x00000000eb100000)
 ParOldGen       total 601088K, used 96715K [0x00000000c0000000, 0x00000000e4b00000, 0x00000000eab00000)
  object space 601088K, 16% used [0x00000000c0000000,0x00000000c5e72fb0,0x00000000e4b00000)
 Metaspace       used 81247K, committed 82688K, reserved 1179648K
  class space    used 8063K, committed 8704K, reserved 1048576K
}
Event: 1306.199 GC heap before
{Heap before GC invocations=1390 (full 5):
 PSYoungGen      total 3584K, used 3424K [0x00000000eab00000, 0x00000000eb180000, 0x0000000100000000)
  eden space 3072K, 100% used [0x00000000eab00000,0x00000000eae00000,0x00000000eae00000)
  from space 512K, 68% used [0x00000000eb100000,0x00000000eb158000,0x00000000eb180000)
  to   space 512K, 0% used [0x00000000eb080000,0x00000000eb080000,0x00000000eb100000)
 ParOldGen       total 601088K, used 96715K [0x00000000c0000000, 0x00000000e4b00000, 0x00000000eab00000)
  object space 601088K, 16% used [0x00000000c0000000,0x00000000c5e72fb0,0x00000000e4b00000)
 Metaspace       used 81247K, committed 82688K, reserved 1179648K
  class space    used 8063K, committed 8704K, reserved 1048576K
}
Event: 1306.200 GC heap after
{Heap after GC invocations=1390 (full 5):
 PSYoungGen      total 3584K, used 416K [0x00000000eab00000, 0x00000000eb180000, 0x0000000100000000)
  eden space 3072K, 0% used [0x00000000eab00000,0x00000000eab00000,0x00000000eae00000)
  from space 512K, 81% used [0x00000000eb080000,0x00000000eb0e8000,0x00000000eb100000)
  to   space 512K, 0% used [0x00000000eb100000,0x00000000eb100000,0x00000000eb180000)
 ParOldGen       total 601088K, used 96795K [0x00000000c0000000, 0x00000000e4b00000, 0x00000000eab00000)
  object space 601088K, 16% used [0x00000000c0000000,0x00000000c5e86fb0,0x00000000e4b00000)
 Metaspace       used 81247K, committed 82688K, reserved 1179648K
  class space    used 8063K, committed 8704K, reserved 1048576K
}
Event: 1306.711 GC heap before
{Heap before GC invocations=1391 (full 5):
 PSYoungGen      total 3584K, used 3488K [0x00000000eab00000, 0x00000000eb180000, 0x0000000100000000)
  eden space 3072K, 100% used [0x00000000eab00000,0x00000000eae00000,0x00000000eae00000)
  from space 512K, 81% used [0x00000000eb080000,0x00000000eb0e8000,0x00000000eb100000)
  to   space 512K, 0% used [0x00000000eb100000,0x00000000eb100000,0x00000000eb180000)
 ParOldGen       total 601088K, used 96795K [0x00000000c0000000, 0x00000000e4b00000, 0x00000000eab00000)
  object space 601088K, 16% used [0x00000000c0000000,0x00000000c5e86fb0,0x00000000e4b00000)
 Metaspace       used 81247K, committed 82688K, reserved 1179648K
  class space    used 8063K, committed 8704K, reserved 1048576K
}
Event: 1306.711 GC heap after
{Heap after GC invocations=1391 (full 5):
 PSYoungGen      total 3584K, used 384K [0x00000000eab00000, 0x00000000eb180000, 0x0000000100000000)
  eden space 3072K, 0% used [0x00000000eab00000,0x00000000eab00000,0x00000000eae00000)
  from space 512K, 75% used [0x00000000eb100000,0x00000000eb160000,0x00000000eb180000)
  to   space 512K, 0% used [0x00000000eb080000,0x00000000eb080000,0x00000000eb100000)
 ParOldGen       total 601088K, used 96811K [0x00000000c0000000, 0x00000000e4b00000, 0x00000000eab00000)
  object space 601088K, 16% used [0x00000000c0000000,0x00000000c5e8afb0,0x00000000e4b00000)
 Metaspace       used 81247K, committed 82688K, reserved 1179648K
  class space    used 8063K, committed 8704K, reserved 1048576K
}
Event: 1306.721 GC heap before
{Heap before GC invocations=1392 (full 5):
 PSYoungGen      total 3584K, used 3456K [0x00000000eab00000, 0x00000000eb180000, 0x0000000100000000)
  eden space 3072K, 100% used [0x00000000eab00000,0x00000000eae00000,0x00000000eae00000)
  from space 512K, 75% used [0x00000000eb100000,0x00000000eb160000,0x00000000eb180000)
  to   space 512K, 0% used [0x00000000eb080000,0x00000000eb080000,0x00000000eb100000)
 ParOldGen       total 601088K, used 96811K [0x00000000c0000000, 0x00000000e4b00000, 0x00000000eab00000)
  object space 601088K, 16% used [0x00000000c0000000,0x00000000c5e8afb0,0x00000000e4b00000)
 Metaspace       used 81247K, committed 82688K, reserved 1179648K
  class space    used 8063K, committed 8704K, reserved 1048576K
}
Event: 1306.722 GC heap after
{Heap after GC invocations=1392 (full 5):
 PSYoungGen      total 3584K, used 320K [0x00000000eab00000, 0x00000000eb180000, 0x0000000100000000)
  eden space 3072K, 0% used [0x00000000eab00000,0x00000000eab00000,0x00000000eae00000)
  from space 512K, 62% used [0x00000000eb080000,0x00000000eb0d0000,0x00000000eb100000)
  to   space 512K, 0% used [0x00000000eb100000,0x00000000eb100000,0x00000000eb180000)
 ParOldGen       total 601088K, used 96891K [0x00000000c0000000, 0x00000000e4b00000, 0x00000000eab00000)
  object space 601088K, 16% used [0x00000000c0000000,0x00000000c5e9efb0,0x00000000e4b00000)
 Metaspace       used 81247K, committed 82688K, reserved 1179648K
  class space    used 8063K, committed 8704K, reserved 1048576K
}
Event: 1307.776 GC heap before
{Heap before GC invocations=1393 (full 5):
 PSYoungGen      total 3584K, used 3392K [0x00000000eab00000, 0x00000000eb180000, 0x0000000100000000)
  eden space 3072K, 100% used [0x00000000eab00000,0x00000000eae00000,0x00000000eae00000)
  from space 512K, 62% used [0x00000000eb080000,0x00000000eb0d0000,0x00000000eb100000)
  to   space 512K, 0% used [0x00000000eb100000,0x00000000eb100000,0x00000000eb180000)
 ParOldGen       total 601088K, used 96891K [0x00000000c0000000, 0x00000000e4b00000, 0x00000000eab00000)
  object space 601088K, 16% used [0x00000000c0000000,0x00000000c5e9efb0,0x00000000e4b00000)
 Metaspace       used 81247K, committed 82688K, reserved 1179648K
  class space    used 8063K, committed 8704K, reserved 1048576K
}
Event: 1307.777 GC heap after
{Heap after GC invocations=1393 (full 5):
 PSYoungGen      total 3584K, used 352K [0x00000000eab00000, 0x00000000eb180000, 0x0000000100000000)
  eden space 3072K, 0% used [0x00000000eab00000,0x00000000eab00000,0x00000000eae00000)
  from space 512K, 68% used [0x00000000eb100000,0x00000000eb158000,0x00000000eb180000)
  to   space 512K, 0% used [0x00000000eb080000,0x00000000eb080000,0x00000000eb100000)
 ParOldGen       total 601088K, used 96907K [0x00000000c0000000, 0x00000000e4b00000, 0x00000000eab00000)
  object space 601088K, 16% used [0x00000000c0000000,0x00000000c5ea2fb0,0x00000000e4b00000)
 Metaspace       used 81247K, committed 82688K, reserved 1179648K
  class space    used 8063K, committed 8704K, reserved 1048576K
}
Event: 1307.784 GC heap before
{Heap before GC invocations=1394 (full 5):
 PSYoungGen      total 3584K, used 3423K [0x00000000eab00000, 0x00000000eb180000, 0x0000000100000000)
  eden space 3072K, 99% used [0x00000000eab00000,0x00000000eadffff0,0x00000000eae00000)
  from space 512K, 68% used [0x00000000eb100000,0x00000000eb158000,0x00000000eb180000)
  to   space 512K, 0% used [0x00000000eb080000,0x00000000eb080000,0x00000000eb100000)
 ParOldGen       total 601088K, used 96907K [0x00000000c0000000, 0x00000000e4b00000, 0x00000000eab00000)
  object space 601088K, 16% used [0x00000000c0000000,0x00000000c5ea2fb0,0x00000000e4b00000)
 Metaspace       used 81247K, committed 82688K, reserved 1179648K
  class space    used 8063K, committed 8704K, reserved 1048576K
}
Event: 1307.785 GC heap after
{Heap after GC invocations=1394 (full 5):
 PSYoungGen      total 3584K, used 320K [0x00000000eab00000, 0x00000000eb180000, 0x0000000100000000)
  eden space 3072K, 0% used [0x00000000eab00000,0x00000000eab00000,0x00000000eae00000)
  from space 512K, 62% used [0x00000000eb080000,0x00000000eb0d0000,0x00000000eb100000)
  to   space 512K, 0% used [0x00000000eb100000,0x00000000eb100000,0x00000000eb180000)
 ParOldGen       total 601088K, used 96979K [0x00000000c0000000, 0x00000000e4b00000, 0x00000000eab00000)
  object space 601088K, 16% used [0x00000000c0000000,0x00000000c5eb4fb0,0x00000000e4b00000)
 Metaspace       used 81247K, committed 82688K, reserved 1179648K
  class space    used 8063K, committed 8704K, reserved 1048576K
}
Event: 3186.396 GC heap before
{Heap before GC invocations=1395 (full 5):
 PSYoungGen      total 3584K, used 3392K [0x00000000eab00000, 0x00000000eb180000, 0x0000000100000000)
  eden space 3072K, 100% used [0x00000000eab00000,0x00000000eae00000,0x00000000eae00000)
  from space 512K, 62% used [0x00000000eb080000,0x00000000eb0d0000,0x00000000eb100000)
  to   space 512K, 0% used [0x00000000eb100000,0x00000000eb100000,0x00000000eb180000)
 ParOldGen       total 601088K, used 96979K [0x00000000c0000000, 0x00000000e4b00000, 0x00000000eab00000)
  object space 601088K, 16% used [0x00000000c0000000,0x00000000c5eb4fb0,0x00000000e4b00000)
 Metaspace       used 81390K, committed 82816K, reserved 1179648K
  class space    used 8085K, committed 8704K, reserved 1048576K
}
Event: 3186.426 GC heap after
{Heap after GC invocations=1395 (full 5):
 PSYoungGen      total 3584K, used 512K [0x00000000eab00000, 0x00000000eb180000, 0x0000000100000000)
  eden space 3072K, 0% used [0x00000000eab00000,0x00000000eab00000,0x00000000eae00000)
  from space 512K, 100% used [0x00000000eb100000,0x00000000eb180000,0x00000000eb180000)
  to   space 1024K, 0% used [0x00000000eaf80000,0x00000000eaf80000,0x00000000eb080000)
 ParOldGen       total 601088K, used 96995K [0x00000000c0000000, 0x00000000e4b00000, 0x00000000eab00000)
  object space 601088K, 16% used [0x00000000c0000000,0x00000000c5eb8fb0,0x00000000e4b00000)
 Metaspace       used 81390K, committed 82816K, reserved 1179648K
  class space    used 8085K, committed 8704K, reserved 1048576K
}
Event: 3186.500 GC heap before
{Heap before GC invocations=1396 (full 5):
 PSYoungGen      total 3584K, used 2815K [0x00000000eab00000, 0x00000000eb180000, 0x0000000100000000)
  eden space 3072K, 74% used [0x00000000eab00000,0x00000000ead3fce8,0x00000000eae00000)
  from space 512K, 100% used [0x00000000eb100000,0x00000000eb180000,0x00000000eb180000)
  to   space 1024K, 0% used [0x00000000eaf80000,0x00000000eaf80000,0x00000000eb080000)
 ParOldGen       total 699392K, used 96995K [0x00000000c0000000, 0x00000000eab00000, 0x00000000eab00000)
  object space 699392K, 13% used [0x00000000c0000000,0x00000000c5eb8fb0,0x00000000eab00000)
 Metaspace       used 81583K, committed 83008K, reserved 1179648K
  class space    used 8106K, committed 8768K, reserved 1048576K
}
Event: 3186.501 GC heap after
{Heap after GC invocations=1396 (full 5):
 PSYoungGen      total 4096K, used 352K [0x00000000eab00000, 0x00000000eb180000, 0x0000000100000000)
  eden space 3072K, 0% used [0x00000000eab00000,0x00000000eab00000,0x00000000eae00000)
  from space 1024K, 34% used [0x00000000eaf80000,0x00000000eafd8000,0x00000000eb080000)
  to   space 512K, 0% used [0x00000000eb100000,0x00000000eb100000,0x00000000eb180000)
 ParOldGen       total 699392K, used 97420K [0x00000000c0000000, 0x00000000eab00000, 0x00000000eab00000)
  object space 699392K, 13% used [0x00000000c0000000,0x00000000c5f232a8,0x00000000eab00000)
 Metaspace       used 81583K, committed 83008K, reserved 1179648K
  class space    used 8106K, committed 8768K, reserved 1048576K
}
Event: 3186.501 GC heap before
{Heap before GC invocations=1397 (full 5):
 PSYoungGen      total 4096K, used 352K [0x00000000eab00000, 0x00000000eb180000, 0x0000000100000000)
  eden space 3072K, 0% used [0x00000000eab00000,0x00000000eab00000,0x00000000eae00000)
  from space 1024K, 34% used [0x00000000eaf80000,0x00000000eafd8000,0x00000000eb080000)
  to   space 512K, 0% used [0x00000000eb100000,0x00000000eb100000,0x00000000eb180000)
 ParOldGen       total 699392K, used 97420K [0x00000000c0000000, 0x00000000eab00000, 0x00000000eab00000)
  object space 699392K, 13% used [0x00000000c0000000,0x00000000c5f232a8,0x00000000eab00000)
 Metaspace       used 81583K, committed 83008K, reserved 1179648K
  class space    used 8106K, committed 8768K, reserved 1048576K
}
Event: 3186.502 GC heap after
{Heap after GC invocations=1397 (full 5):
 PSYoungGen      total 4608K, used 0K [0x00000000eab00000, 0x00000000eb180000, 0x0000000100000000)
  eden space 4096K, 0% used [0x00000000eab00000,0x00000000eab00000,0x00000000eaf00000)
  from space 512K, 0% used [0x00000000eb100000,0x00000000eb100000,0x00000000eb180000)
  to   space 512K, 0% used [0x00000000eb080000,0x00000000eb080000,0x00000000eb100000)
 ParOldGen       total 699392K, used 97604K [0x00000000c0000000, 0x00000000eab00000, 0x00000000eab00000)
  object space 699392K, 13% used [0x00000000c0000000,0x00000000c5f512a8,0x00000000eab00000)
 Metaspace       used 81583K, committed 83008K, reserved 1179648K
  class space    used 8106K, committed 8768K, reserved 1048576K
}
Event: 3186.502 GC heap before
{Heap before GC invocations=1398 (full 6):
 PSYoungGen      total 4608K, used 0K [0x00000000eab00000, 0x00000000eb180000, 0x0000000100000000)
  eden space 4096K, 0% used [0x00000000eab00000,0x00000000eab00000,0x00000000eaf00000)
  from space 512K, 0% used [0x00000000eb100000,0x00000000eb100000,0x00000000eb180000)
  to   space 512K, 0% used [0x00000000eb080000,0x00000000eb080000,0x00000000eb100000)
 ParOldGen       total 699392K, used 97604K [0x00000000c0000000, 0x00000000eab00000, 0x00000000eab00000)
  object space 699392K, 13% used [0x00000000c0000000,0x00000000c5f512a8,0x00000000eab00000)
 Metaspace       used 81583K, committed 83008K, reserved 1179648K
  class space    used 8106K, committed 8768K, reserved 1048576K
}

